<?xml version="1.0" encoding="UTF-8"?>
<!-- Generated by org.testng.reporters.JUnitXMLReporter -->
<testsuite ignored="0" hostname="LP-TZD-5X045727" failures="0" tests="4" name="Test" time="42.537" errors="0" timestamp="2026-01-23T14:49:49 IST">
  <testcase classname="seleniumpac.multest" name="test3" time="26.94"/>
  <testcase classname="seleniumpac.pt2" name="test4" time="38.92"/>
  <testcase classname="seleniumpac.multest" name="test1" time="39.188"/>
  <testcase classname="seleniumpac.multest" name="test2" time="42.455"/>
</testsuite> <!-- Test -->
