<?xml version="1.0" encoding="UTF-8"?>
<testng-results ignored="0" total="1" passed="1" failed="0" skipped="0">
  <reporter-output>
  </reporter-output>
  <suite started-at="2026-01-23T15:08:29 IST" name="Default suite" finished-at="2026-01-23T15:08:56 IST" duration-ms="27503">
    <groups>
    </groups>
    <test started-at="2026-01-23T15:08:29 IST" name="Default test" finished-at="2026-01-23T15:08:56 IST" duration-ms="27503">
      <class name="seleniumpac.pt2">
        <test-method signature="test4()[pri:0, instance:seleniumpac.pt2@397fbdb]" started-at="2026-01-23T15:08:29 IST" name="test4" finished-at="2026-01-23T15:08:56 IST" duration-ms="27423" status="PASS">
          <reporter-output>
          </reporter-output>
        </test-method> <!-- test4 -->
      </class> <!-- seleniumpac.pt2 -->
    </test> <!-- Default test -->
  </suite> <!-- Default suite -->
</testng-results>
