<?xml version="1.0" encoding="UTF-8"?>
<!-- Generated by org.testng.reporters.JUnitReportReporter -->
<testsuite hostname="LP-TZD-5X045727" failures="0" tests="3" name="seleniumpac.multest" time="108.583" errors="0" timestamp="2026-01-23T14:49:49 IST" skipped="0">
  <testcase classname="seleniumpac.multest" name="test2" time="42.455"/>
  <testcase classname="seleniumpac.multest" name="test1" time="39.188"/>
  <testcase classname="seleniumpac.multest" name="test3" time="26.940"/>
</testsuite> <!-- seleniumpac.multest -->
