<?xml version="1.0" encoding="UTF-8"?>
<!-- Generated by org.testng.reporters.JUnitReportReporter -->
<testsuite hostname="LP-TZD-5X045727" failures="0" tests="2" name="seleniumpac.TC_TestNG_pagefactory" time="32.842" errors="0" timestamp="2026-01-27T11:38:32 IST" skipped="0">
  <testcase classname="seleniumpac.TC_TestNG_pagefactory" name="f" time="14.851"/>
  <testcase classname="seleniumpac.TC_TestNG_pagefactory" name="f" time="17.991"/>
</testsuite> <!-- seleniumpac.TC_TestNG_pagefactory -->
